-------------------------------------------------------------------------------
      name:  <unnamed>
       log:  E:\trade\Workingsample1.log
  log type:  text
 opened on:  18 Mar 2024, 14:21:10

. 
. 
. use dots1960_2005, replace

. ssc install reghdfe
checking reghdfe consistency and verifying not already installed...
all files already exist and are up to date.

. ssc install ppmlhdfe
checking ppmlhdfe consistency and verifying not already installed...
all files already exist and are up to date.

. ssc instal  xtpqml
checking xtpqml consistency and verifying not already installed...
all files already exist and are up to date.

. ssc install ftools
checking ftools consistency and verifying not already installed...
all files already exist and are up to date.

. 
. /* merge with geographical data */
. sort  iso_o iso_d 

. merge iso_o iso_d using dist_cepii, nokeep
(you are using old merge syntax; see [D] merge for new syntax)
variables iso_o iso_d do not uniquely identify observations in the master
    data

. tab  _merge

     _merge |      Freq.     Percent        Cum.
------------+-----------------------------------
          1 |     10,290        2.85        2.85
          3 |    350,810       97.15      100.00
------------+-----------------------------------
      Total |    361,100      100.00

. drop _merge

. *
. /* merge with RTA data */
. sort  iso_o iso_d year

. merge iso_o iso_d year using rta, nokeep
(you are using old merge syntax; see [D] merge for new syntax)

. tab  _merge

     _merge |      Freq.     Percent        Cum.
------------+-----------------------------------
          1 |     10,290        2.85        2.85
          3 |    350,810       97.15      100.00
------------+-----------------------------------
      Total |    361,100      100.00

. drop _merge

. *
. /* merge with RTA data */
. sort  iso_o iso_d year

. merge iso_o iso_d year using cu, nokeep
(you are using old merge syntax; see [D] merge for new syntax)
(variable year was int, now float to accommodate using data's values)

. tab  _merge

     _merge |      Freq.     Percent        Cum.
------------+-----------------------------------
          1 |     11,840        3.28        3.28
          3 |    349,260       96.72      100.00
------------+-----------------------------------
      Total |    361,100      100.00

. drop _merge

. *
. /* merge with importer and exporter characteristics */
. foreach var in o d{
  2.         rename iso_`var' iso3
  3.         sort iso3 year
  4.         merge iso3 year using pwt, nokeep
  5.         tab _merge
  6.         drop _merge
  7.         g gdp  = cgdp*pop
  8.         rename iso3 iso_`var'
  9.         rename pop  pop_`var'
 10.         rename cgdp cgdp_`var'
 11.         rename pc   pc_`var' 
 12.         rename gdp  gdp_`var'
 13. }
(you are using old merge syntax; see [D] merge for new syntax)
variables iso3 year do not uniquely identify observations in the master data

     _merge |      Freq.     Percent        Cum.
------------+-----------------------------------
          1 |     35,580        9.85        9.85
          3 |    325,520       90.15      100.00
------------+-----------------------------------
      Total |    361,100      100.00
(80,787 missing values generated)
(you are using old merge syntax; see [D] merge for new syntax)
variables iso3 year do not uniquely identify observations in the master data

     _merge |      Freq.     Percent        Cum.
------------+-----------------------------------
          1 |     35,580        9.85        9.85
          3 |    325,520       90.15      100.00
------------+-----------------------------------
      Total |    361,100      100.00
(80,787 missing values generated)

. /* generate country pair identifier  */
. egen dyad = group(iso_o iso_d)

. g ltrade  = log(flow)
(237,150 missing values generated)

. g ldist   = log(dist)
(10,290 missing values generated)

. g lgdp_o  = log(gdp_o)
(80,787 missing values generated)

. g lgdp_d  = log(gdp_d)
(80,787 missing values generated)

. tsset dyad year

Panel variable: dyad (strongly balanced)
 Time variable: year, 1960 to 2005, but with gaps
         Delta: 1 unit

. *
. /* generate year dummy  */
. tab year, gen(yeard)

       year |      Freq.     Percent        Cum.
------------+-----------------------------------
       1960 |     36,110       10.00       10.00
       1965 |     36,110       10.00       20.00
       1970 |     36,110       10.00       30.00
       1975 |     36,110       10.00       40.00
       1980 |     36,110       10.00       50.00
       1985 |     36,110       10.00       60.00
       1990 |     36,110       10.00       70.00
       1995 |     36,110       10.00       80.00
       2000 |     36,110       10.00       90.00
       2005 |     36,110       10.00      100.00
------------+-----------------------------------
      Total |    361,100      100.00

. /* generate variables for importer and exporter FE */ 
. egen imp = group(iso_d)

. egen exp = group(iso_o)

. /* generate variable for importer*year and exporter*year FE */
. egen it = group(exp year)

. egen jt = group(imp year)

. 
. save working_sample1, replace
file working_sample1.dta saved

. 
. 
. **************
. * Summary*
. **************
. 
. ssc install distinct 
checking distinct consistency and verifying not already installed...
all files already exist and are up to date.

. use working_sample1, clear

. distinct year

       |        Observations
       |      total   distinct
-------+----------------------
  year |     361100         10

. distinct iso_o iso_d

       |        Observations
       |      total   distinct
-------+----------------------
 iso_o |     361100        204
 iso_d |     361100        204

. sum flow

    Variable |        Obs        Mean    Std. dev.       Min        Max
-------------+---------------------------------------------------------
   flow_dots |    246,226    5.02e+08    2.47e+10          0   4.67e+12

. sum flow if comcur == 1

    Variable |        Obs        Mean    Std. dev.       Min        Max
-------------+---------------------------------------------------------
   flow_dots |      4,262    6.24e+08    4.81e+09          0   1.01e+11

. *
. tab comcur 

=1 if iso_o |
  and iso_d |
      use a |
     common |
currency at |
     year t |      Freq.     Percent        Cum.
------------+-----------------------------------
          0 |    343,756       98.42       98.42
          1 |      5,504        1.58      100.00
------------+-----------------------------------
      Total |    349,260      100.00

. tab rta

     =1 for |
   regional |
      trade |
  agreement |
   in force |      Freq.     Percent        Cum.
------------+-----------------------------------
          0 |    343,312       97.86       97.86
          1 |      7,498        2.14      100.00
------------+-----------------------------------
      Total |    350,810      100.00

. 
. **************
. * Looking at the share of countries and trade belonging to RTAs and CUs evolv
> ed over the period *
. **************
. 
. * Share of trade, FTAs *
. use working_sample1, clear

. bys year: egen tot_trade = sum(flow)

. keep if rta == 1
(353,602 observations deleted)

. collapse (sum) flow (max) tot_trade, by(year)

. g share_trade = flow/tot_trade

. twoway line share_trade year 

. graph export trade_fta.eps, as(eps) replace
file trade_fta.eps saved as EPS format

. 
. * Share of country pairs, FTA *
. use working_sample1, clear

. collapse (sum) rta (max) dyad,  by(year)

. g share_pair = rta/dyad

. twoway line share_pair year 

. graph export pairs_fta.eps, as(eps) replace
file pairs_fta.eps saved as EPS format

. 
. * Share of trade, currency unions *
. use working_sample1, clear

. bys year: egen tot_trade = sum(flow)

. keep if comcur == 1
(355,596 observations deleted)

. collapse (sum) flow (max) tot_trade, by(year)

. g share_trade = flow/tot_trade

. twoway line share_trade year 

. graph export trade_comcur.eps, as(eps) replace
file trade_comcur.eps saved as EPS format

. 
. * Share of country pairs, currency unions *
. use working_sample1, clear

. collapse (sum) comcur (max) dyad,  by(year)

. g share_pair = comcur/dyad

. twoway line share_pair year 

. graph export pairs_comcur.eps, as(eps) replace
file pairs_comcur.eps saved as EPS format

. 
. 
. **************
. * Estimate the currency union effect *
. **************
. 
. use working_sample1, clear

. 
. /* only GDP / distance */* have to install eststo*
> eststo: reg ltrade lgdp_o lgdp_d ldist yeard*, cluster(dyad)
> /* GDP / distance + regional */
> eststo: reg ltrade comcur lgdp_o lgdp_d ldist rta yeard*, cluster(dyad)
> /* other trade costs proxies */
> eststo: reg ltrade comcur lgdp_o lgdp_d ldist rta contig comlang_off colony y
> eard*, cluster(dyad)
> /*country FE */
> eststo: reghdfe ltrade comcur lgdp_o lgdp_d ldist rta contig comlang_off colo
> ny yeard*, a(exp imp) vce(cluster dyad)
> 
> *
> set linesize 250
> esttab, mtitles drop(yeard* _cons ) b(%5.3f) se(%5.3f) compress r2 starlevels
> (c 0.1 b 0.05 a 0.01)  se 
> esttab, mtitles drop(yeard* _cons ) b(%5.3f) se(%5.3f) r2  starlevels({$^c$} 
> 0.1 {$^b$} 0.05 {$^a$} 0.01) se tex label  title() 
> eststo clear
> 
> **************
> * Estimating the baseline gravity specification of Rose for each year adding 
> importer    and export fixed effects *
> **************
> 
> forvalues x=1960(5)2005{
>         use working_sample1, clear
>         keep if year == `x'
>         eststo: reghdfe ltrade comcur ldist rta contig comlang_off colony, a(
> exp imp) vce(cluster dyad)
> }
> *
> set linesize 250
> esttab, mtitles drop() b(%5.3f) se(%5.3f) compress r2 starlevels(c 0.1 b 0.05
>  a 0.01)  se 
> esttab, mtitles drop() b(%5.3f) se(%5.3f) r2  starlevels({$^c$} 0.1 {$^b$} 0.
> 05 {$^a$} 0.01) se tex label title()  
> eststo clear
> 
> **************
> * estimate the baseline gravity equation adding country-pair fixed effects *
> **************
> 
> use working_sample1, clear
> tsset dyad year
> eststo: xtreg ltrade comcur lgdp_o lgdp_d rta yeard*,  fe cluster(dyad)
> *
> set linesize 250
> esttab, mtitles drop(yeard*) b(%5.3f) se(%5.3f) compress r2 starlevels(c 0.1 
> b 0.05 a 0.01)  se 
> esttab, mtitles drop(yeard*) b(%5.3f) se(%5.3f) r2  starlevels({$^c$} 0.1 {$^
> b$} 0.05 {$^a$} 0.01) se tex label  title() 
> eststo clear
> 
> ***************
> * Using reghdfe to run regressions controlling for importer*year FE and expor
> ter*year FE *
> ***************
> 
> use working_sample1, clear
> eststo: reghdfe ltrade comcur ldist rta contig comlang_off colony, a(it jt) v
> ce(cluster dyad)  
> ***************
> * Using reghdfe to run regressions controlling for importer*year FE and expor
> ter*year FE and dyadic FE *
> ***************
> eststo: reghdfe ltrade comcur rta, a(it jt dyad) vce(cluster dyad)
> *
> set linesize 250
> esttab, mtitles drop() b(%5.3f) se(%5.3f) compress r2 starlevels(c 0.1 b 0.05
>  a 0.01)  se 
> esttab, mtitles drop() b(%5.3f) se(%5.3f) r2  starlevels({$^c$} 0.1 {$^b$} 0.
> 05 {$^a$} 0.01) se tex label title() 
> eststo clear
> 
> ***************
> * checking if small countries benefit more *
> ***************
> 
> use working_sample1, clear
> *
> g comcur_gdpo = comcur*lgdp_o
> g comcur_gdpd = comcur*lgdp_d
> *
> eststo: xtreg ltrade comcur lgdp_o lgdp_d comcur_gdpo comcur_gdpd rta yeard*,
>   fe cluster(dyad)
> *
> eststo: reghdfe ltrade comcur comcur_gdpo comcur_gdpd  ldist rta contig comla
> ng_off colony,  a(it jt) vce(cluster dyad)  
> *
> eststo: reghdfe ltrade comcur comcur_gdpo comcur_gdpd  rta, a(it jt dyad) vce
> (cluster dyad)
> *
> eststo: xtpqml flow_dots comcur lgdp_o lgdp_d comcur_gdpo comcur_gdpd  rta ye
> ard*, fe cluster(dyad)
> *
> set linesize 250
> esttab, mtitles drop(yeard*) b(%5.3f) se(%5.3f) compress r2 starlevels(c 0.1 
> b 0.05 a 0.01)  se 
> esttab, mtitles drop(yeard*) b(%5.3f) se(%5.3f) r2  starlevels({$^c$} 0.1 {$^
> b$} 0.05 {$^a$} 0.01) se tex label title() 
> eststo clear
> 
> ***************
> * Using a Poisson estimator to estimate the gravity equation *
> ***************
> 
> use working_sample1, clear
> 
> eststo: xtpqml flow_dots lgdp_o  lgdp_d comcur  rta yeard*, fe cluster(dyad)
> * Or with exporter x year and importer x year FE
> eststo: ppmlhdfe flow_dots comcur  rta, a (it jt dyad) cluster(dyad)
> 
> set linesize 250
> esttab, mtitles drop(yeard*) b(%5.3f) se(%5.3f) compress r2 starlevels(c 0.1 
> b 0.05 a 0.01)  se 
> esttab, mtitles drop(yeard*) b(%5.3f) se(%5.3f) r2  starlevels({$^c$} 0.1 {$^
> b$} 0.05 {$^a$} 0.01) se tex label title() 
> eststo clear
> *
> 
> * Investigating the effect of the Euro on trade using this dataset *
> **************
> * build the eurozone dummy   *
> **************
> use working_sample1, clear
> foreach x in o d{
>         g currency_`x' = ""
>         /* list countries from J. de Sousa */
>         ** Andorra
>         replace currency_`x'= "EUR" if (iso_`x'=="AND") & (year>=1999)       
>            
>         ** Austria
>         replace currency_`x'= "EUR" if (iso_`x'=="AUT") & (year>=1999)       
>            
>         ** Belgium
>         replace currency_`x'= "EUR" if (iso_`x'=="BEL") & (year>=1999)       
>            
>         ** Finland
>         replace currency_`x'= "EUR" if (iso_`x'=="FIN") & (year>=1999)       
>            
>         ** France
>         replace currency_`x'= "EUR" if (iso_`x'=="FRA") & (year>=1999)       
>            
>         ** French Guiana
>         replace currency_`x'= "EUR" if (iso_`x'=="GUF") & (year>=1999)       
>            
>         ** Guadeloupe
>         replace currency_`x'= "EUR" if (iso_`x'=="GLP") & (year>=1999)       
>            
>         ** Germany
>         replace currency_`x'= "EUR" if (iso_`x'=="DEU") & (year>=1999)       
>            
>         ** Ireland
>         replace currency_`x'= "EUR" if (iso_`x'=="IRL") & (year>=1999)       
>            
>         ** Italy
>         replace currency_`x'= "EUR" if (iso_`x'=="ITA") & (year>=1999)       
>            
>         ** Luxembourg
>         replace currency_`x'= "EUR" if (iso_`x'=="LUX") & (year>=1999)       
>            
>         ** Martinique
>         replace currency_`x'= "EUR" if (iso_`x'=="MTQ") & (year>=1999)       
>            
>         ** Monaco
>         replace currency_`x'= "EUR" if (iso_`x'=="MCO") & (year>=1999)       
>            
>         ** Netherlands
>         replace currency_`x'= "EUR" if (iso_`x'=="NLD") & (year>=1999)       
>            
>         ** Portugal
>         replace currency_`x'= "EUR" if (iso_`x'=="PRT") & (year>=1999)       
>            
>         ** Reunion 
>         replace currency_`x'= "EUR" if (iso_`x'=="REU") & (year>=1999)       
>            
>         ** San Marino
>         replace currency_`x'= "EUR" if (iso_`x'=="SMR") & (year>=1999)       
>            
>         ** Spain
>         replace currency_`x'= "EUR" if (iso_`x'=="ESP") & (year>=1999)       
>            
>         ** St. Pierre and Miquelon
>         replace currency_`x'= "EUR" if (iso_`x'=="SPM") & (year>=1999)       
>            
>         ** Greece
>         replace currency_`x'= "EUR" if (iso_`x'=="GRC") & (year>=2001)       
>            
>         ** Montenegro 
>         replace currency_`x'= "EUR" if (iso_`x'=="MNE") & (year>=2002)       
>            
>         ** Slovenia
>         replace currency_`x'= "EUR" if (iso_`x'=="SVN") & (year>=2007)       
>            
>         ** Cyprus
>         replace currency_`x'= "EUR" if (iso_`x'=="CYP") & (year>=2008)       
>            
>         ** Malta
>         replace currency_`x'= "EUR" if (iso_`x'=="MLT") & (year>=2008)
>         ** Slovakia
>         replace currency_`x'= "EUR" if (iso_`x'=="SVK") & (year>=2009)       
>    
>         tab currency_`x'
> }
> g euro = (currency_o == "EUR" & currency_d == "EUR")
> *
> tsset dyad year
> *
> replace comcur = 0 if euro == 1
> *
> eststo: xtreg ltrade euro comcur lgdp_o lgdp_d rta yeard*,  fe cluster(dyad)
> *
> eststo: reghdfe ltrade euro comcur ldist rta contig comlang_off colony, a(it 
> jt) vce(cluster dyad)  
> *
> eststo: reghdfe ltrade euro comcur rta,  a(it jt dyad) vce(cluster dyad)  
> *
> eststo: xtpqml flow_dots lgdp_o lgdp_d euro comcur rta yeard*, fe cluster(dya
> d)
> *
> eststo: ppmlhdfe flow_dots  euro comcur rta, a (it jt dyad) cluster(dyad)
> 
> set linesize 250
> esttab, mtitles drop(yeard*) b(%5.3f) se(%5.3f) compress r2 starlevels(c 0.1 
> b 0.05 a 0.01)  se 
> esttab, mtitles drop(yeard*) b(%5.3f) se(%5.3f) r2  starlevels({$^c$} 0.1 {$^
> b$} 0.05 {$^a$} 0.01) se tex label title() 
> eststo clear
> 
> log close
> 

end of do-file

. exit, clear
